nohup: ignoring input
Controllable intersections: 12

============================================================
Training | mode=clean rate=0.0
============================================================
Controllable intersections: 12
  Episode   1/100 | reward=-6.716/step | travel_time=897.3s | loss=0.0012 | eps=0.050
  Episode   2/100 | reward=-9.413/step | travel_time=1059.4s | loss=0.0044 | eps=0.050
  Episode   3/100 | reward=-8.926/step | travel_time=1057.9s | loss=0.0065 | eps=0.050
  Episode   4/100 | reward=-8.386/step | travel_time=1016.4s | loss=0.0071 | eps=0.050
  Episode   5/100 | reward=-8.403/step | travel_time=1016.7s | loss=0.0066 | eps=0.050
  Episode   6/100 | reward=-8.230/step | travel_time=1004.8s | loss=0.0073 | eps=0.050
  Episode   7/100 | reward=-7.592/step | travel_time=934.6s | loss=0.0056 | eps=0.050
  Episode   8/100 | reward=-7.873/step | travel_time=964.1s | loss=0.0054 | eps=0.050
  Episode   9/100 | reward=-8.295/step | travel_time=1004.7s | loss=0.0043 | eps=0.050
  Episode  10/100 | reward=-8.255/step | travel_time=1004.7s | loss=0.0059 | eps=0.050
  Episode  11/100 | reward=-8.247/step | travel_time=1007.7s | loss=0.0050 | eps=0.050
  Episode  12/100 | reward=-8.670/step | travel_time=1067.3s | loss=0.0050 | eps=0.050
  Episode  13/100 | reward=-8.666/step | travel_time=1037.4s | loss=0.0055 | eps=0.050
  Episode  14/100 | reward=-8.675/step | travel_time=1046.3s | loss=0.0057 | eps=0.050
  Episode  15/100 | reward=-8.730/step | travel_time=1041.7s | loss=0.0048 | eps=0.050
  Episode  16/100 | reward=-8.684/step | travel_time=1043.7s | loss=0.0054 | eps=0.050
  Episode  17/100 | reward=-7.935/step | travel_time=970.7s | loss=0.0050 | eps=0.050
  Episode  18/100 | reward=-7.337/step | travel_time=887.3s | loss=0.0046 | eps=0.050
  Episode  19/100 | reward=-7.557/step | travel_time=921.0s | loss=0.0043 | eps=0.050
  Episode  20/100 | reward=-8.398/step | travel_time=1023.0s | loss=0.0049 | eps=0.050
  Episode  21/100 | reward=-7.967/step | travel_time=1012.4s | loss=0.0044 | eps=0.050
  Episode  22/100 | reward=-8.043/step | travel_time=986.7s | loss=0.0048 | eps=0.050
  Episode  23/100 | reward=-8.582/step | travel_time=1006.5s | loss=0.0053 | eps=0.050
  Episode  24/100 | reward=-7.874/step | travel_time=997.5s | loss=0.0054 | eps=0.050
  Episode  25/100 | reward=-7.924/step | travel_time=1004.1s | loss=0.0039 | eps=0.050
  Episode  26/100 | reward=-7.665/step | travel_time=974.4s | loss=0.0046 | eps=0.050
  Episode  27/100 | reward=-7.987/step | travel_time=991.5s | loss=0.0057 | eps=0.050
  Episode  28/100 | reward=-7.875/step | travel_time=957.4s | loss=0.0051 | eps=0.050
  Episode  29/100 | reward=-8.136/step | travel_time=1009.6s | loss=0.0051 | eps=0.050
  Episode  30/100 | reward=-7.824/step | travel_time=999.8s | loss=0.0049 | eps=0.050
  Episode  31/100 | reward=-7.274/step | travel_time=928.5s | loss=0.0049 | eps=0.050
  Episode  32/100 | reward=-7.836/step | travel_time=965.5s | loss=0.0042 | eps=0.050
  Episode  33/100 | reward=-7.777/step | travel_time=998.7s | loss=0.0043 | eps=0.050
  Episode  34/100 | reward=-7.456/step | travel_time=959.1s | loss=0.0041 | eps=0.050
  Episode  35/100 | reward=-7.453/step | travel_time=935.1s | loss=0.0044 | eps=0.050
  Episode  36/100 | reward=-7.396/step | travel_time=911.0s | loss=0.0037 | eps=0.050
  Episode  37/100 | reward=-7.736/step | travel_time=957.5s | loss=0.0049 | eps=0.050
  Episode  38/100 | reward=-8.326/step | travel_time=1017.5s | loss=0.0052 | eps=0.050
  Episode  39/100 | reward=-8.233/step | travel_time=979.5s | loss=0.0043 | eps=0.050
  Episode  40/100 | reward=-7.630/step | travel_time=957.9s | loss=0.0048 | eps=0.050
  Episode  41/100 | reward=-7.330/step | travel_time=915.2s | loss=0.0046 | eps=0.050
  Episode  42/100 | reward=-7.302/step | travel_time=914.1s | loss=0.0039 | eps=0.050
  Episode  43/100 | reward=-7.692/step | travel_time=941.9s | loss=0.0042 | eps=0.050
  Episode  44/100 | reward=-7.764/step | travel_time=939.5s | loss=0.0038 | eps=0.050
  Episode  45/100 | reward=-7.939/step | travel_time=977.5s | loss=0.0045 | eps=0.050
  Episode  46/100 | reward=-8.134/step | travel_time=970.7s | loss=0.0052 | eps=0.050
  Episode  47/100 | reward=-8.418/step | travel_time=991.1s | loss=0.0047 | eps=0.050
  Episode  48/100 | reward=-7.843/step | travel_time=968.6s | loss=0.0048 | eps=0.050
  Episode  49/100 | reward=-8.663/step | travel_time=1052.2s | loss=0.0038 | eps=0.050
  Episode  50/100 | reward=-8.174/step | travel_time=988.8s | loss=0.0048 | eps=0.050
  Episode  51/100 | reward=-8.146/step | travel_time=930.8s | loss=0.0059 | eps=0.050
  Episode  52/100 | reward=-7.932/step | travel_time=953.3s | loss=0.0050 | eps=0.050
  Episode  53/100 | reward=-8.193/step | travel_time=1030.9s | loss=0.0048 | eps=0.050
  Episode  54/100 | reward=-7.942/step | travel_time=994.1s | loss=0.0042 | eps=0.050
  Episode  55/100 | reward=-8.280/step | travel_time=967.9s | loss=0.0046 | eps=0.050
  Episode  56/100 | reward=-8.088/step | travel_time=986.2s | loss=0.0049 | eps=0.050
  Episode  57/100 | reward=-7.295/step | travel_time=929.3s | loss=0.0042 | eps=0.050
  Episode  58/100 | reward=-7.957/step | travel_time=964.7s | loss=0.0047 | eps=0.050
  Episode  59/100 | reward=-7.299/step | travel_time=925.1s | loss=0.0044 | eps=0.050
  Episode  60/100 | reward=-8.197/step | travel_time=993.5s | loss=0.0044 | eps=0.050
  Episode  61/100 | reward=-7.511/step | travel_time=948.2s | loss=0.0044 | eps=0.050
  Episode  62/100 | reward=-7.145/step | travel_time=921.6s | loss=0.0049 | eps=0.050
  Episode  63/100 | reward=-7.614/step | travel_time=924.4s | loss=0.0051 | eps=0.050
  Episode  64/100 | reward=-7.354/step | travel_time=921.7s | loss=0.0038 | eps=0.050
  Episode  65/100 | reward=-7.534/step | travel_time=925.8s | loss=0.0040 | eps=0.050
  Episode  66/100 | reward=-7.677/step | travel_time=931.1s | loss=0.0049 | eps=0.050
  Episode  67/100 | reward=-7.372/step | travel_time=923.3s | loss=0.0038 | eps=0.050
  Episode  68/100 | reward=-7.325/step | travel_time=920.3s | loss=0.0044 | eps=0.050
  Episode  69/100 | reward=-7.455/step | travel_time=941.3s | loss=0.0038 | eps=0.050
  Episode  70/100 | reward=-7.363/step | travel_time=958.7s | loss=0.0038 | eps=0.050
  Episode  71/100 | reward=-7.515/step | travel_time=970.5s | loss=0.0052 | eps=0.050
  Episode  72/100 | reward=-7.577/step | travel_time=985.6s | loss=0.0043 | eps=0.050
  Episode  73/100 | reward=-7.573/step | travel_time=982.8s | loss=0.0047 | eps=0.050
  Episode  74/100 | reward=-8.233/step | travel_time=1030.6s | loss=0.0042 | eps=0.050
  Episode  75/100 | reward=-7.609/step | travel_time=930.2s | loss=0.0043 | eps=0.050
  Episode  76/100 | reward=-8.175/step | travel_time=1022.0s | loss=0.0040 | eps=0.050
  Episode  77/100 | reward=-7.862/step | travel_time=972.1s | loss=0.0042 | eps=0.050
  Episode  78/100 | reward=-7.591/step | travel_time=922.7s | loss=0.0051 | eps=0.050
  Episode  79/100 | reward=-7.491/step | travel_time=899.0s | loss=0.0046 | eps=0.050
  Episode  80/100 | reward=-7.359/step | travel_time=937.8s | loss=0.0039 | eps=0.050
  Episode  81/100 | reward=-7.189/step | travel_time=901.2s | loss=0.0036 | eps=0.050
  Episode  82/100 | reward=-7.404/step | travel_time=918.4s | loss=0.0033 | eps=0.050
  Episode  83/100 | reward=-7.115/step | travel_time=891.7s | loss=0.0033 | eps=0.050
  Episode  84/100 | reward=-7.101/step | travel_time=887.4s | loss=0.0041 | eps=0.050
  Episode  85/100 | reward=-6.864/step | travel_time=844.0s | loss=0.0044 | eps=0.050
  Episode  86/100 | reward=-7.020/step | travel_time=863.9s | loss=0.0039 | eps=0.050
  Episode  87/100 | reward=-7.026/step | travel_time=860.7s | loss=0.0044 | eps=0.050
  Episode  88/100 | reward=-7.470/step | travel_time=929.6s | loss=0.0034 | eps=0.050
  Episode  89/100 | reward=-6.776/step | travel_time=863.1s | loss=0.0042 | eps=0.050
  Episode  90/100 | reward=-6.746/step | travel_time=857.6s | loss=0.0044 | eps=0.050
  Episode  91/100 | reward=-7.032/step | travel_time=862.9s | loss=0.0036 | eps=0.050
  Episode  92/100 | reward=-7.641/step | travel_time=924.3s | loss=0.0041 | eps=0.050
  Episode  93/100 | reward=-7.256/step | travel_time=878.0s | loss=0.0036 | eps=0.050
  Episode  94/100 | reward=-7.318/step | travel_time=879.8s | loss=0.0045 | eps=0.050
  Episode  95/100 | reward=-7.284/step | travel_time=901.8s | loss=0.0044 | eps=0.050
  Episode  96/100 | reward=-7.503/step | travel_time=913.9s | loss=0.0038 | eps=0.050
  Episode  97/100 | reward=-7.281/step | travel_time=892.2s | loss=0.0034 | eps=0.050
  Episode  98/100 | reward=-7.373/step | travel_time=907.9s | loss=0.0044 | eps=0.050
  Episode  99/100 | reward=-6.936/step | travel_time=895.2s | loss=0.0042 | eps=0.050
  Episode 100/100 | reward=-6.407/step | travel_time=861.7s | loss=0.0037 | eps=0.050

Model saved to models/colight_clean.pt

============================================================
Training | mode=node_mask rate=0.2
============================================================
Controllable intersections: 12
  Episode   1/100 | reward=-7.417/step | travel_time=990.3s | loss=0.0058 | eps=0.050
  Episode   2/100 | reward=-8.188/step | travel_time=1004.3s | loss=0.0170 | eps=0.050
  Episode   3/100 | reward=-7.929/step | travel_time=944.6s | loss=0.0208 | eps=0.050
  Episode   4/100 | reward=-7.333/step | travel_time=893.6s | loss=0.0191 | eps=0.050
  Episode   5/100 | reward=-7.955/step | travel_time=984.5s | loss=0.0147 | eps=0.050
  Episode   6/100 | reward=-7.995/step | travel_time=944.7s | loss=0.0142 | eps=0.050
  Episode   7/100 | reward=-8.189/step | travel_time=994.8s | loss=0.0125 | eps=0.050
  Episode   8/100 | reward=-7.803/step | travel_time=957.0s | loss=0.0119 | eps=0.050
  Episode   9/100 | reward=-7.506/step | travel_time=963.1s | loss=0.0120 | eps=0.050
  Episode  10/100 | reward=-7.451/step | travel_time=988.6s | loss=0.0114 | eps=0.050
  Episode  11/100 | reward=-6.995/step | travel_time=917.9s | loss=0.0111 | eps=0.050
  Episode  12/100 | reward=-8.407/step | travel_time=942.1s | loss=0.0119 | eps=0.050
  Episode  13/100 | reward=-8.469/step | travel_time=970.5s | loss=0.0111 | eps=0.050
  Episode  14/100 | reward=-8.186/step | travel_time=1000.0s | loss=0.0124 | eps=0.050
  Episode  15/100 | reward=-6.546/step | travel_time=820.8s | loss=0.0123 | eps=0.050
  Episode  16/100 | reward=-7.362/step | travel_time=902.8s | loss=0.0115 | eps=0.050
  Episode  17/100 | reward=-7.647/step | travel_time=953.3s | loss=0.0103 | eps=0.050
  Episode  18/100 | reward=-7.560/step | travel_time=970.3s | loss=0.0095 | eps=0.050
  Episode  19/100 | reward=-6.778/step | travel_time=831.3s | loss=0.0100 | eps=0.050
  Episode  20/100 | reward=-8.018/step | travel_time=958.6s | loss=0.0107 | eps=0.050
  Episode  21/100 | reward=-7.842/step | travel_time=930.0s | loss=0.0099 | eps=0.050
  Episode  22/100 | reward=-7.764/step | travel_time=945.0s | loss=0.0092 | eps=0.050
  Episode  23/100 | reward=-7.756/step | travel_time=948.8s | loss=0.0097 | eps=0.050
  Episode  24/100 | reward=-7.017/step | travel_time=866.3s | loss=0.0098 | eps=0.050
  Episode  25/100 | reward=-6.345/step | travel_time=845.8s | loss=0.0083 | eps=0.050
  Episode  26/100 | reward=-6.506/step | travel_time=862.5s | loss=0.0083 | eps=0.050
  Episode  27/100 | reward=-6.552/step | travel_time=811.8s | loss=0.0088 | eps=0.050
  Episode  28/100 | reward=-7.027/step | travel_time=864.5s | loss=0.0083 | eps=0.050
  Episode  29/100 | reward=-7.157/step | travel_time=934.3s | loss=0.0083 | eps=0.050
  Episode  30/100 | reward=-7.537/step | travel_time=921.3s | loss=0.0089 | eps=0.050
  Episode  31/100 | reward=-7.174/step | travel_time=874.7s | loss=0.0095 | eps=0.050
  Episode  32/100 | reward=-6.971/step | travel_time=883.2s | loss=0.0089 | eps=0.050
  Episode  33/100 | reward=-6.669/step | travel_time=831.4s | loss=0.0099 | eps=0.050
  Episode  34/100 | reward=-8.586/step | travel_time=1090.4s | loss=0.0083 | eps=0.050
  Episode  35/100 | reward=-6.427/step | travel_time=853.6s | loss=0.0081 | eps=0.050
  Episode  36/100 | reward=-6.967/step | travel_time=871.6s | loss=0.0076 | eps=0.050
  Episode  37/100 | reward=-6.813/step | travel_time=905.2s | loss=0.0070 | eps=0.050
  Episode  38/100 | reward=-8.415/step | travel_time=981.9s | loss=0.0076 | eps=0.050
  Episode  39/100 | reward=-6.991/step | travel_time=852.6s | loss=0.0080 | eps=0.050
  Episode  40/100 | reward=-6.842/step | travel_time=872.6s | loss=0.0076 | eps=0.050
  Episode  41/100 | reward=-7.441/step | travel_time=936.1s | loss=0.0074 | eps=0.050
  Episode  42/100 | reward=-7.058/step | travel_time=892.8s | loss=0.0077 | eps=0.050
  Episode  43/100 | reward=-6.961/step | travel_time=843.0s | loss=0.0076 | eps=0.050
  Episode  44/100 | reward=-6.966/step | travel_time=895.8s | loss=0.0076 | eps=0.050
  Episode  45/100 | reward=-6.501/step | travel_time=853.0s | loss=0.0075 | eps=0.050
  Episode  46/100 | reward=-6.806/step | travel_time=895.5s | loss=0.0082 | eps=0.050
  Episode  47/100 | reward=-7.758/step | travel_time=979.4s | loss=0.0075 | eps=0.050
  Episode  48/100 | reward=-6.412/step | travel_time=897.3s | loss=0.0082 | eps=0.050
  Episode  49/100 | reward=-6.486/step | travel_time=877.8s | loss=0.0069 | eps=0.050
  Episode  50/100 | reward=-8.032/step | travel_time=926.2s | loss=0.0068 | eps=0.050
  Episode  51/100 | reward=-8.162/step | travel_time=972.9s | loss=0.0075 | eps=0.050
  Episode  52/100 | reward=-7.279/step | travel_time=938.7s | loss=0.0075 | eps=0.050
  Episode  53/100 | reward=-7.814/step | travel_time=951.9s | loss=0.0070 | eps=0.050
  Episode  54/100 | reward=-7.498/step | travel_time=948.3s | loss=0.0079 | eps=0.050
  Episode  55/100 | reward=-7.433/step | travel_time=941.7s | loss=0.0080 | eps=0.050
  Episode  56/100 | reward=-7.664/step | travel_time=933.3s | loss=0.0084 | eps=0.050
  Episode  57/100 | reward=-7.689/step | travel_time=940.9s | loss=0.0078 | eps=0.050
  Episode  58/100 | reward=-8.418/step | travel_time=993.7s | loss=0.0073 | eps=0.050
  Episode  59/100 | reward=-9.026/step | travel_time=967.5s | loss=0.0091 | eps=0.050
  Episode  60/100 | reward=-8.696/step | travel_time=998.0s | loss=0.0098 | eps=0.050
  Episode  61/100 | reward=-6.768/step | travel_time=799.9s | loss=0.0084 | eps=0.050
  Episode  62/100 | reward=-6.553/step | travel_time=837.4s | loss=0.0087 | eps=0.050
  Episode  63/100 | reward=-6.978/step | travel_time=854.8s | loss=0.0080 | eps=0.050
  Episode  64/100 | reward=-7.314/step | travel_time=960.9s | loss=0.0073 | eps=0.050
  Episode  65/100 | reward=-6.581/step | travel_time=886.6s | loss=0.0071 | eps=0.050
  Episode  66/100 | reward=-7.152/step | travel_time=926.1s | loss=0.0075 | eps=0.050
  Episode  67/100 | reward=-7.343/step | travel_time=925.2s | loss=0.0063 | eps=0.050
  Episode  68/100 | reward=-6.534/step | travel_time=839.0s | loss=0.0066 | eps=0.050
  Episode  69/100 | reward=-7.829/step | travel_time=986.4s | loss=0.0072 | eps=0.050
  Episode  70/100 | reward=-8.395/step | travel_time=970.2s | loss=0.0066 | eps=0.050
  Episode  71/100 | reward=-8.207/step | travel_time=968.4s | loss=0.0079 | eps=0.050
  Episode  72/100 | reward=-7.081/step | travel_time=830.4s | loss=0.0080 | eps=0.050
  Episode  73/100 | reward=-7.297/step | travel_time=913.3s | loss=0.0076 | eps=0.050
  Episode  74/100 | reward=-8.090/step | travel_time=964.3s | loss=0.0073 | eps=0.050
  Episode  75/100 | reward=-8.604/step | travel_time=1067.7s | loss=0.0068 | eps=0.050
  Episode  76/100 | reward=-7.445/step | travel_time=900.3s | loss=0.0067 | eps=0.050
  Episode  77/100 | reward=-7.766/step | travel_time=969.5s | loss=0.0072 | eps=0.050
  Episode  78/100 | reward=-8.039/step | travel_time=925.5s | loss=0.0069 | eps=0.050
  Episode  79/100 | reward=-7.190/step | travel_time=872.6s | loss=0.0074 | eps=0.050
  Episode  80/100 | reward=-6.875/step | travel_time=893.8s | loss=0.0072 | eps=0.050
  Episode  81/100 | reward=-7.381/step | travel_time=905.9s | loss=0.0074 | eps=0.050
  Episode  82/100 | reward=-6.734/step | travel_time=858.2s | loss=0.0067 | eps=0.050
  Episode  83/100 | reward=-7.123/step | travel_time=861.5s | loss=0.0084 | eps=0.050
  Episode  84/100 | reward=-6.852/step | travel_time=899.2s | loss=0.0080 | eps=0.050
  Episode  85/100 | reward=-7.362/step | travel_time=952.4s | loss=0.0073 | eps=0.050
  Episode  86/100 | reward=-6.752/step | travel_time=894.7s | loss=0.0068 | eps=0.050
  Episode  87/100 | reward=-7.195/step | travel_time=886.5s | loss=0.0059 | eps=0.050
  Episode  88/100 | reward=-6.693/step | travel_time=843.0s | loss=0.0063 | eps=0.050
  Episode  89/100 | reward=-6.788/step | travel_time=852.1s | loss=0.0069 | eps=0.050
  Episode  90/100 | reward=-6.669/step | travel_time=836.2s | loss=0.0064 | eps=0.050
  Episode  91/100 | reward=-6.500/step | travel_time=824.5s | loss=0.0062 | eps=0.050
  Episode  92/100 | reward=-7.328/step | travel_time=899.4s | loss=0.0055 | eps=0.050
  Episode  93/100 | reward=-6.512/step | travel_time=802.4s | loss=0.0062 | eps=0.050
  Episode  94/100 | reward=-7.857/step | travel_time=1005.1s | loss=0.0068 | eps=0.050
  Episode  95/100 | reward=-7.087/step | travel_time=873.5s | loss=0.0065 | eps=0.050
  Episode  96/100 | reward=-7.366/step | travel_time=880.7s | loss=0.0068 | eps=0.050
  Episode  97/100 | reward=-8.189/step | travel_time=914.2s | loss=0.0076 | eps=0.050
  Episode  98/100 | reward=-7.634/step | travel_time=940.7s | loss=0.0067 | eps=0.050
  Episode  99/100 | reward=-7.682/step | travel_time=928.8s | loss=0.0080 | eps=0.050
  Episode 100/100 | reward=-7.811/step | travel_time=931.4s | loss=0.0065 | eps=0.050

Model saved to models/colight_node_mask.pt

============================================================
Training | mode=edge_drop rate=0.2
============================================================
Controllable intersections: 12
  Episode   1/100 | reward=-7.336/step | travel_time=935.3s | loss=0.0103 | eps=0.050
  Episode   2/100 | reward=-6.545/step | travel_time=878.0s | loss=0.0171 | eps=0.050
  Episode   3/100 | reward=-7.776/step | travel_time=966.5s | loss=0.0149 | eps=0.050
  Episode   4/100 | reward=-8.404/step | travel_time=980.7s | loss=0.0190 | eps=0.050
  Episode   5/100 | reward=-7.950/step | travel_time=994.6s | loss=0.0208 | eps=0.050
  Episode   6/100 | reward=-7.744/step | travel_time=1000.4s | loss=0.0180 | eps=0.050
  Episode   7/100 | reward=-7.885/step | travel_time=1003.5s | loss=0.0168 | eps=0.050
  Episode   8/100 | reward=-8.311/step | travel_time=1071.2s | loss=0.0167 | eps=0.050
  Episode   9/100 | reward=-7.843/step | travel_time=1030.5s | loss=0.0137 | eps=0.050
  Episode  10/100 | reward=-7.735/step | travel_time=980.5s | loss=0.0133 | eps=0.050
  Episode  11/100 | reward=-7.782/step | travel_time=970.3s | loss=0.0108 | eps=0.050
  Episode  12/100 | reward=-7.946/step | travel_time=933.1s | loss=0.0128 | eps=0.050
  Episode  13/100 | reward=-7.188/step | travel_time=932.4s | loss=0.0122 | eps=0.050
  Episode  14/100 | reward=-8.084/step | travel_time=960.0s | loss=0.0121 | eps=0.050
  Episode  15/100 | reward=-7.449/step | travel_time=933.4s | loss=0.0118 | eps=0.050
  Episode  16/100 | reward=-7.069/step | travel_time=916.9s | loss=0.0104 | eps=0.050
  Episode  17/100 | reward=-7.616/step | travel_time=933.5s | loss=0.0108 | eps=0.050
  Episode  18/100 | reward=-8.341/step | travel_time=974.4s | loss=0.0100 | eps=0.050
  Episode  19/100 | reward=-6.916/step | travel_time=869.4s | loss=0.0102 | eps=0.050
  Episode  20/100 | reward=-7.546/step | travel_time=919.0s | loss=0.0101 | eps=0.050
  Episode  21/100 | reward=-6.673/step | travel_time=828.1s | loss=0.0115 | eps=0.050
  Episode  22/100 | reward=-7.248/step | travel_time=886.6s | loss=0.0117 | eps=0.050
  Episode  23/100 | reward=-6.966/step | travel_time=881.0s | loss=0.0108 | eps=0.050
  Episode  24/100 | reward=-6.957/step | travel_time=871.4s | loss=0.0108 | eps=0.050
  Episode  25/100 | reward=-6.907/step | travel_time=874.9s | loss=0.0100 | eps=0.050
  Episode  26/100 | reward=-6.511/step | travel_time=856.7s | loss=0.0101 | eps=0.050
  Episode  27/100 | reward=-6.760/step | travel_time=845.3s | loss=0.0097 | eps=0.050
  Episode  28/100 | reward=-6.950/step | travel_time=880.4s | loss=0.0098 | eps=0.050
  Episode  29/100 | reward=-6.806/step | travel_time=868.3s | loss=0.0086 | eps=0.050
  Episode  30/100 | reward=-7.338/step | travel_time=914.9s | loss=0.0084 | eps=0.050
  Episode  31/100 | reward=-6.632/step | travel_time=866.0s | loss=0.0091 | eps=0.050
  Episode  32/100 | reward=-7.610/step | travel_time=943.3s | loss=0.0089 | eps=0.050
  Episode  33/100 | reward=-7.842/step | travel_time=957.4s | loss=0.0095 | eps=0.050
  Episode  34/100 | reward=-7.391/step | travel_time=934.1s | loss=0.0084 | eps=0.050
  Episode  35/100 | reward=-7.178/step | travel_time=923.6s | loss=0.0080 | eps=0.050
  Episode  36/100 | reward=-6.706/step | travel_time=899.0s | loss=0.0080 | eps=0.050
  Episode  37/100 | reward=-7.242/step | travel_time=926.4s | loss=0.0078 | eps=0.050
  Episode  38/100 | reward=-6.955/step | travel_time=898.7s | loss=0.0079 | eps=0.050
  Episode  39/100 | reward=-7.020/step | travel_time=873.2s | loss=0.0083 | eps=0.050
  Episode  40/100 | reward=-7.117/step | travel_time=942.4s | loss=0.0078 | eps=0.050
  Episode  41/100 | reward=-7.449/step | travel_time=944.6s | loss=0.0078 | eps=0.050
  Episode  42/100 | reward=-6.770/step | travel_time=816.2s | loss=0.0083 | eps=0.050
  Episode  43/100 | reward=-7.361/step | travel_time=864.5s | loss=0.0087 | eps=0.050
  Episode  44/100 | reward=-8.180/step | travel_time=938.5s | loss=0.0099 | eps=0.050
  Episode  45/100 | reward=-7.295/step | travel_time=879.4s | loss=0.0101 | eps=0.050
  Episode  46/100 | reward=-7.629/step | travel_time=872.1s | loss=0.0111 | eps=0.050
  Episode  47/100 | reward=-7.196/step | travel_time=876.5s | loss=0.0109 | eps=0.050
  Episode  48/100 | reward=-7.948/step | travel_time=932.6s | loss=0.0099 | eps=0.050
  Episode  49/100 | reward=-7.202/step | travel_time=872.2s | loss=0.0095 | eps=0.050
  Episode  50/100 | reward=-6.889/step | travel_time=856.1s | loss=0.0097 | eps=0.050
  Episode  51/100 | reward=-8.399/step | travel_time=960.7s | loss=0.0099 | eps=0.050
  Episode  52/100 | reward=-6.461/step | travel_time=848.3s | loss=0.0098 | eps=0.050
  Episode  53/100 | reward=-7.401/step | travel_time=893.8s | loss=0.0102 | eps=0.050
  Episode  54/100 | reward=-6.511/step | travel_time=832.6s | loss=0.0091 | eps=0.050
  Episode  55/100 | reward=-6.590/step | travel_time=881.8s | loss=0.0091 | eps=0.050
  Episode  56/100 | reward=-6.832/step | travel_time=919.8s | loss=0.0084 | eps=0.050
  Episode  57/100 | reward=-7.785/step | travel_time=933.3s | loss=0.0091 | eps=0.050
  Episode  58/100 | reward=-7.685/step | travel_time=943.3s | loss=0.0091 | eps=0.050
  Episode  59/100 | reward=-7.579/step | travel_time=935.9s | loss=0.0105 | eps=0.050
  Episode  60/100 | reward=-7.531/step | travel_time=908.2s | loss=0.0091 | eps=0.050
  Episode  61/100 | reward=-8.087/step | travel_time=962.0s | loss=0.0091 | eps=0.050
  Episode  62/100 | reward=-7.429/step | travel_time=916.1s | loss=0.0097 | eps=0.050
  Episode  63/100 | reward=-8.348/step | travel_time=1035.6s | loss=0.0097 | eps=0.050
  Episode  64/100 | reward=-7.355/step | travel_time=957.2s | loss=0.0097 | eps=0.050
  Episode  65/100 | reward=-7.061/step | travel_time=935.0s | loss=0.0093 | eps=0.050
  Episode  66/100 | reward=-7.361/step | travel_time=901.2s | loss=0.0076 | eps=0.050
  Episode  67/100 | reward=-6.989/step | travel_time=868.4s | loss=0.0083 | eps=0.050
  Episode  68/100 | reward=-8.202/step | travel_time=963.7s | loss=0.0098 | eps=0.050
  Episode  69/100 | reward=-7.686/step | travel_time=937.7s | loss=0.0103 | eps=0.050
  Episode  70/100 | reward=-6.901/step | travel_time=894.5s | loss=0.0088 | eps=0.050
  Episode  71/100 | reward=-6.928/step | travel_time=853.4s | loss=0.0085 | eps=0.050
  Episode  72/100 | reward=-8.080/step | travel_time=969.2s | loss=0.0095 | eps=0.050
  Episode  73/100 | reward=-7.567/step | travel_time=957.9s | loss=0.0084 | eps=0.050
  Episode  74/100 | reward=-7.601/step | travel_time=930.7s | loss=0.0085 | eps=0.050
  Episode  75/100 | reward=-6.952/step | travel_time=910.9s | loss=0.0088 | eps=0.050
  Episode  76/100 | reward=-7.179/step | travel_time=867.0s | loss=0.0090 | eps=0.050
